***** Section <default> *****
Stats: size=46  blocks=46  symbols=13  literals=0  relocations=0
Blocks
    name        start   size  #ins #dir #sto
    <default>   00000  0002E     6    9    4
Symbols
    name        hex       dec  scope     kind      type      description
    ALPHA    000012        18  local     relative  data      label
    ALPHA2   000015        21  local     relative  data      label
    C1       00001B        27  local     relative  data      label
    C2       00001C        28  local     relative  data      label
    CA       00001E        30  local     relative  data      label
    CB       00001F        31  local     relative  data      label
    CC       000021        33  local     relative  data      label
    CD       000023        35  local     relative  data      label
    CE       000027        39  local     relative  data      label
    CF       000029        41  local     relative  data      label
    CG       00002B        43  local     relative  data      label
    CH1B     000000         0  exported  relative  code      label
    HERE     00000F        15  local     relative  code      label
Literals
    label   definition
Relocations
    address length flag symbol
