***** Section <default> *****
Stats: size=360  blocks=360  symbols=33  literals=0  relocations=0
Blocks
    name        start   size  #ins #dir #sto
    <default>   00000  00168   107    3    9
Symbols
    name          hex       dec  scope     kind      type      description
    CLOOP      000087       135  local     relative  code      label
    DIGIT10    000060        96  local     relative  data      label
    DOLOOP     0000B2       178  local     relative  code      label
    DOOR_ON    000117       279  local     relative  code      label
    EVEN       000099       153  local     relative  code      label
    EVENCNT    00007E       126  local     relative  data      label
    EVEN_SUM   0000DD       221  local     relative  data      label
    GETD       00003F        63  local     relative  code      label
    GETDLOOP   000042        66  local     relative  code      label
    HERE       000165       357  local     relative  code      label
    INPUT      000000         0  local     relative  data      label
    LIGHT      000159       345  local     relative  code      label
    LOOP       0000E6       230  local     relative  code      label
    MAINFUNC   0000E0       224  local     relative  code      label
    MOVE1      00009C       156  local     relative  code      label
    NOWDATA    000001         1  local     relative  data      label
    NU         000004         4  local     relative  data      label
    ODDCNT     00006F       111  local     relative  data      label
    ODD_SUM    0000DA       218  local     relative  data      label
    OE_COUNT   000081       129  local     relative  code      label
    OUT1       00011D       285  local     relative  code      label
    OUT2       00013E       318  local     relative  code      label
    OUT3       00015F       351  local     relative  code      label
    OUTD       00003E        62  local     relative  data      label
    OUTPUT     00003D        61  local     relative  data      label
    PLUSEVEN   000072       114  local     relative  code      label
    PLUSODD    000063        99  local     relative  code      label
    READCHAR   00001C        28  local     relative  code      label
    READLOOP   00001F        31  local     relative  code      label
    RETGD      00005D        93  local     relative  data      label
    RINGRING   000138       312  local     relative  code      label
    SUM_NU     0000AC       172  local     relative  code      label
    WDBYTE     00002B        43  local     relative  code      label
Literals
    label   definition
Relocations
    address length flag symbol
