SIC Assembler V1.2

1000        PRO5P1   START   1000              PRO PROGRAM FOR SIC SOFTWARE   
1000 001012 FIFTH    LDA     ZERO                                             
1003 481016          JSUB    READ                                             
1006 E01015 WRITE    TD      OUTPUT                                           
1009 301006          JEQ     WRITE                                            
100C DC1015          WD      OUTPUT                                           
100F 3C100F HERE     J       HERE                                             
            .                                                                 
1012 000000 ZERO     WORD    0                                                
1015 04     OUTPUT   BYTE    X'04'                                            
            .                                                                 
            .                                                                 
1016 E01022 READ     TD      INPUT                                            
1019 301016          JEQ     READ                                             
101C D81022          RD      INPUT                                            
101F 4C0000          RSUB                                                     
            .                                                                 
1022 F3     INPUT    BYTE    X'F3'                                            
1023                 END     FIFTH                                            
